

*******************************************************************************
Sun Apr  9 18:21:52 2023


FIT:    data read from 'data.dat'
        format = z
        x range restricted to [0.00000 : 8.00000]
        #datapoints = 5
        residuals are weighted equally (unit weight)

function used for fitting: f(x)
	f(x) = k*x
fitted parameters initialized with current variable values

iter      chisq       delta/lim  lambda   k            
   0 9.1672448393e+01   0.00e+00  4.71e+00    1.000000e+00
   4 1.1971744584e-02  -3.39e-08  4.71e-04    9.029709e-02

After 4 iterations the fit converged.
final sum of squares of residuals : 0.0119717
rel. change during last iteration : -3.39069e-13

degrees of freedom    (FIT_NDF)                        : 4
rms of residuals      (FIT_STDFIT) = sqrt(WSSR/ndf)    : 0.0547077
variance of residuals (reduced chisquare) = WSSR/ndf   : 0.00299294

Final set of parameters            Asymptotic Standard Error
=======================            ==========================
k               = 0.0902971        +/- 0.005198     (5.757%)


*******************************************************************************
Sun Apr  9 18:22:31 2023


FIT:    data read from 'data.dat'
        format = z
        x range restricted to [0.00000 : 8.00000]
        #datapoints = 5
        residuals are weighted equally (unit weight)

function used for fitting: f(x)
	f(x) = k*x
fitted parameters initialized with current variable values

iter      chisq       delta/lim  lambda   k            
   0 9.1672448393e+01   0.00e+00  4.71e+00    1.000000e+00
   4 1.1971744584e-02  -3.39e-08  4.71e-04    9.029709e-02

After 4 iterations the fit converged.
final sum of squares of residuals : 0.0119717
rel. change during last iteration : -3.39069e-13

degrees of freedom    (FIT_NDF)                        : 4
rms of residuals      (FIT_STDFIT) = sqrt(WSSR/ndf)    : 0.0547077
variance of residuals (reduced chisquare) = WSSR/ndf   : 0.00299294

Final set of parameters            Asymptotic Standard Error
=======================            ==========================
k               = 0.0902971        +/- 0.005198     (5.757%)


*******************************************************************************
Sun Apr  9 18:23:06 2023


FIT:    data read from 'data.dat'
        format = z
        x range restricted to [0.00000 : 8.00000]
        #datapoints = 5
        residuals are weighted equally (unit weight)

function used for fitting: f(x)
	f(x) = k*x
fitted parameters initialized with current variable values

iter      chisq       delta/lim  lambda   k            
   0 9.1672448393e+01   0.00e+00  4.71e+00    1.000000e+00
   4 1.1971744584e-02  -3.39e-08  4.71e-04    9.029709e-02

After 4 iterations the fit converged.
final sum of squares of residuals : 0.0119717
rel. change during last iteration : -3.39069e-13

degrees of freedom    (FIT_NDF)                        : 4
rms of residuals      (FIT_STDFIT) = sqrt(WSSR/ndf)    : 0.0547077
variance of residuals (reduced chisquare) = WSSR/ndf   : 0.00299294

Final set of parameters            Asymptotic Standard Error
=======================            ==========================
k               = 0.0902971        +/- 0.005198     (5.757%)


*******************************************************************************
Sun Apr  9 18:23:27 2023


FIT:    data read from 'data.dat'
        format = z
        x range restricted to [0.00000 : 8.00000]
        #datapoints = 5
        residuals are weighted equally (unit weight)

function used for fitting: f(x)
	f(x) = k*x
fitted parameters initialized with current variable values

iter      chisq       delta/lim  lambda   k            
   0 9.1672448393e+01   0.00e+00  4.71e+00    1.000000e+00
   4 1.1971744584e-02  -3.39e-08  4.71e-04    9.029709e-02

After 4 iterations the fit converged.
final sum of squares of residuals : 0.0119717
rel. change during last iteration : -3.39069e-13

degrees of freedom    (FIT_NDF)                        : 4
rms of residuals      (FIT_STDFIT) = sqrt(WSSR/ndf)    : 0.0547077
variance of residuals (reduced chisquare) = WSSR/ndf   : 0.00299294

Final set of parameters            Asymptotic Standard Error
=======================            ==========================
k               = 0.0902971        +/- 0.005198     (5.757%)


*******************************************************************************
Sun Apr  9 18:23:50 2023


FIT:    data read from 'data.dat'
        format = z
        x range restricted to [0.00000 : 8.00000]
        #datapoints = 5
        residuals are weighted equally (unit weight)

function used for fitting: f(x)
	f(x) = k*x
fitted parameters initialized with current variable values

iter      chisq       delta/lim  lambda   k            
   0 9.1672448393e+01   0.00e+00  4.71e+00    1.000000e+00
   4 1.1971744584e-02  -3.39e-08  4.71e-04    9.029709e-02

After 4 iterations the fit converged.
final sum of squares of residuals : 0.0119717
rel. change during last iteration : -3.39069e-13

degrees of freedom    (FIT_NDF)                        : 4
rms of residuals      (FIT_STDFIT) = sqrt(WSSR/ndf)    : 0.0547077
variance of residuals (reduced chisquare) = WSSR/ndf   : 0.00299294

Final set of parameters            Asymptotic Standard Error
=======================            ==========================
k               = 0.0902971        +/- 0.005198     (5.757%)


*******************************************************************************
Sun Apr  9 18:24:06 2023


FIT:    data read from 'data.dat'
        format = z
        x range restricted to [0.00000 : 8.00000]
        #datapoints = 5
        residuals are weighted equally (unit weight)

function used for fitting: f(x)
	f(x) = k*x
fitted parameters initialized with current variable values

iter      chisq       delta/lim  lambda   k            
   0 9.1672448393e+01   0.00e+00  4.71e+00    1.000000e+00
   4 1.1971744584e-02  -3.39e-08  4.71e-04    9.029709e-02

After 4 iterations the fit converged.
final sum of squares of residuals : 0.0119717
rel. change during last iteration : -3.39069e-13

degrees of freedom    (FIT_NDF)                        : 4
rms of residuals      (FIT_STDFIT) = sqrt(WSSR/ndf)    : 0.0547077
variance of residuals (reduced chisquare) = WSSR/ndf   : 0.00299294

Final set of parameters            Asymptotic Standard Error
=======================            ==========================
k               = 0.0902971        +/- 0.005198     (5.757%)


*******************************************************************************
Sun Apr  9 18:24:27 2023


FIT:    data read from 'data.dat'
        format = z
        x range restricted to [0.00000 : 8.00000]
        #datapoints = 5
        residuals are weighted equally (unit weight)

function used for fitting: f(x)
	f(x) = k*x
fitted parameters initialized with current variable values

iter      chisq       delta/lim  lambda   k            
   0 9.1672448393e+01   0.00e+00  4.71e+00    1.000000e+00
   4 1.1971744584e-02  -3.39e-08  4.71e-04    9.029709e-02

After 4 iterations the fit converged.
final sum of squares of residuals : 0.0119717
rel. change during last iteration : -3.39069e-13

degrees of freedom    (FIT_NDF)                        : 4
rms of residuals      (FIT_STDFIT) = sqrt(WSSR/ndf)    : 0.0547077
variance of residuals (reduced chisquare) = WSSR/ndf   : 0.00299294

Final set of parameters            Asymptotic Standard Error
=======================            ==========================
k               = 0.0902971        +/- 0.005198     (5.757%)


*******************************************************************************
Sun Apr  9 18:24:52 2023


FIT:    data read from 'data.dat'
        format = z
        x range restricted to [0.00000 : 8.00000]
        #datapoints = 5
        residuals are weighted equally (unit weight)

function used for fitting: f(x)
	f(x) = k*x
fitted parameters initialized with current variable values

iter      chisq       delta/lim  lambda   k            
   0 9.1672448393e+01   0.00e+00  4.71e+00    1.000000e+00
   4 1.1971744584e-02  -3.39e-08  4.71e-04    9.029709e-02

After 4 iterations the fit converged.
final sum of squares of residuals : 0.0119717
rel. change during last iteration : -3.39069e-13

degrees of freedom    (FIT_NDF)                        : 4
rms of residuals      (FIT_STDFIT) = sqrt(WSSR/ndf)    : 0.0547077
variance of residuals (reduced chisquare) = WSSR/ndf   : 0.00299294

Final set of parameters            Asymptotic Standard Error
=======================            ==========================
k               = 0.0902971        +/- 0.005198     (5.757%)
