

*******************************************************************************
Sun Apr  2 22:37:00 2023


FIT:    data read from 'data.dat'
        format = z
        x range restricted to [0.00000 : 3.70000]
BREAK: No data to fit

*******************************************************************************
Sun Apr  2 22:37:46 2023


FIT:    data read from 'data.dat'
        format = z
        x range restricted to [0.00000 : 3.70000]
        #datapoints = 9
        residuals are weighted equally (unit weight)

function used for fitting: f(x)
	f(x) = k*x
fitted parameters initialized with current variable values

iter      chisq       delta/lim  lambda   k            
   0 4.1027257036e+01   0.00e+00  2.16e+00    1.000000e+00
   4 1.4310802745e-04  -4.36e-08  2.16e-04    9.500748e-03

After 4 iterations the fit converged.
final sum of squares of residuals : 0.000143108
rel. change during last iteration : -4.36005e-13

degrees of freedom    (FIT_NDF)                        : 8
rms of residuals      (FIT_STDFIT) = sqrt(WSSR/ndf)    : 0.00422948
variance of residuals (reduced chisquare) = WSSR/ndf   : 1.78885e-05

Final set of parameters            Asymptotic Standard Error
=======================            ==========================
k               = 0.00950075       +/- 0.000654     (6.884%)


*******************************************************************************
Sun Apr  2 22:39:25 2023


FIT:    data read from 'data.dat'
        format = z
        x range restricted to [0.00000 : 3.70000]
        #datapoints = 9
        residuals are weighted equally (unit weight)

function used for fitting: f(x)
	f(x) = k*x
fitted parameters initialized with current variable values

iter      chisq       delta/lim  lambda   k            
   0 4.1027257036e+01   0.00e+00  2.16e+00    1.000000e+00
   4 1.4310802745e-04  -4.36e-08  2.16e-04    9.500748e-03

After 4 iterations the fit converged.
final sum of squares of residuals : 0.000143108
rel. change during last iteration : -4.36005e-13

degrees of freedom    (FIT_NDF)                        : 8
rms of residuals      (FIT_STDFIT) = sqrt(WSSR/ndf)    : 0.00422948
variance of residuals (reduced chisquare) = WSSR/ndf   : 1.78885e-05

Final set of parameters            Asymptotic Standard Error
=======================            ==========================
k               = 0.00950075       +/- 0.000654     (6.884%)


*******************************************************************************
Sun Apr  2 22:44:13 2023


FIT:    data read from 'data.dat'
        format = z
        x range restricted to [0.00000 : 3.70000]
        #datapoints = 9
        residuals are weighted equally (unit weight)

function used for fitting: f(x)
	f(x) = k*x
fitted parameters initialized with current variable values

iter      chisq       delta/lim  lambda   k            
   0 4.1027257036e+01   0.00e+00  2.16e+00    1.000000e+00
   4 1.4310802745e-04  -4.36e-08  2.16e-04    9.500748e-03

After 4 iterations the fit converged.
final sum of squares of residuals : 0.000143108
rel. change during last iteration : -4.36005e-13

degrees of freedom    (FIT_NDF)                        : 8
rms of residuals      (FIT_STDFIT) = sqrt(WSSR/ndf)    : 0.00422948
variance of residuals (reduced chisquare) = WSSR/ndf   : 1.78885e-05

Final set of parameters            Asymptotic Standard Error
=======================            ==========================
k               = 0.00950075       +/- 0.000654     (6.884%)
